c:\users\user\documents\개발\운영체제\소스\x64\debug\bootx64.bsc
c:\users\user\documents\개발\운영체제\소스\boot\x64\debug\vc143.pdb
c:\users\user\documents\개발\운영체제\소스\boot\x64\debug\main.sbr
c:\users\user\documents\개발\운영체제\소스\boot\x64\debug\main.obj
c:\users\user\documents\개발\운영체제\소스\boot\x64\debug\main.cod
c:\users\user\documents\개발\운영체제\소스\boot\x64\debug\efi.sbr
c:\users\user\documents\개발\운영체제\소스\boot\x64\debug\efi.obj
c:\users\user\documents\개발\운영체제\소스\boot\x64\debug\efi.cod
c:\users\user\documents\개발\운영체제\소스\x64\debug\bootx64.efi
c:\users\user\documents\개발\운영체제\소스\x64\debug\bootx64.pdb
c:\users\user\documents\개발\운영체제\소스\x64\debug\bootx64.map
c:\users\user\documents\개발\운영체제\소스\boot\x64\debug\assemblyfunction.obj
c:\users\user\documents\개발\운영체제\소스\boot\x64\debug\boot.tlog\bscmake.command.1.tlog
c:\users\user\documents\개발\운영체제\소스\boot\x64\debug\boot.tlog\bscmake.read.1.tlog
c:\users\user\documents\개발\운영체제\소스\boot\x64\debug\boot.tlog\bscmake.write.1.tlog
c:\users\user\documents\개발\운영체제\소스\boot\x64\debug\boot.tlog\cl.command.1.tlog
c:\users\user\documents\개발\운영체제\소스\boot\x64\debug\boot.tlog\cl.items.tlog
c:\users\user\documents\개발\운영체제\소스\boot\x64\debug\boot.tlog\cl.read.1.tlog
c:\users\user\documents\개발\운영체제\소스\boot\x64\debug\boot.tlog\cl.write.1.tlog
c:\users\user\documents\개발\운영체제\소스\boot\x64\debug\boot.tlog\link.command.1.tlog
c:\users\user\documents\개발\운영체제\소스\boot\x64\debug\boot.tlog\link.read.1.tlog
c:\users\user\documents\개발\운영체제\소스\boot\x64\debug\boot.tlog\link.write.1.tlog
c:\users\user\documents\개발\운영체제\소스\boot\x64\debug\boot.tlog\masm.read.1u.tlog
c:\users\user\documents\개발\운영체제\소스\boot\x64\debug\boot.tlog\masm.write.1u.tlog
